<?xml version="1.0" encoding="UTF-8"?>
<!-- Generated by org.testng.reporters.JUnitReportReporter -->
<testsuite hostname="sagar" failures="1" tests="4" name="execution.AmazonRunnerTest" time="114.490" errors="0" timestamp="2023-09-12T12:04:40 IST" skipped="0">
  <testcase classname="execution.AmazonRunnerTest" name="runScenario" time="21.119"/>
  <system-out/>
  <testcase classname="execution.AmazonRunnerTest" name="runScenario" time="30.970">
    <failure message="expected [true] but found [false]" type="java.lang.AssertionError">
      <![CDATA[java.lang.AssertionError: expected [true] but found [false]
at org.testng.Assert.fail(Assert.java:110)
at org.testng.Assert.failNotEquals(Assert.java:1577)
at org.testng.Assert.assertTrue(Assert.java:56)
at org.testng.Assert.assertTrue(Assert.java:66)
at execution.HomePageSteps.page_title_should_contains(HomePageSteps.java:33)
at âœ½.page title should contains "Shopping"(file:///C:/Users/sagar%20pagar/eclipse-workspace/ATT_CucumberExecution01/src/test/resources/execution/HomePage.feature:6)
]]>
    </failure>
  </testcase> <!-- runScenario -->
  <system-out/>
  <testcase classname="execution.AmazonRunnerTest" name="runScenario" time="17.185"/>
  <system-out/>
  <testcase classname="execution.AmazonRunnerTest" name="runScenario" time="45.216"/>
  <system-out/>
</testsuite> <!-- execution.AmazonRunnerTest -->
